Arguments: 
  /usr/bin/node /usr/local/bin/yarn init

PATH: 
  /usr/local/sbin:/usr/local/bin:/usr/sbin:/usr/bin:/sbin:/bin:/usr/games:/usr/local/games:/snap/bin

Yarn version: 
  1.7.0

Node version: 
  8.10.0

Platform: 
  linux x64

Trace: 
  Error: canceled
      at Interface.<anonymous> (/usr/local/lib/node_modules/yarn/lib/cli.js:131036:13)
      at emitNone (events.js:106:13)
      at Interface.emit (events.js:208:7)
      at Interface._ttyWrite (readline.js:775:16)
      at ReadStream.onkeypress (readline.js:160:10)
      at emitTwo (events.js:126:13)
      at ReadStream.emit (events.js:214:7)
      at emitKeys (internal/readline.js:420:14)
      at emitKeys.next (<anonymous>)
      at ReadStream.onData (readline.js:1011:36)

npm manifest: 
  {
    "name": "quizr",
    "version": "1.0.0",
    "description": "Quiz Buzzer",
    "main": "index.js",
    "author": "C.K. Wagaba <ckwagaba@gmail.com>",
    "license": "MIT"
  }

yarn manifest: 
  No manifest

Lockfile: 
  # THIS IS AN AUTOGENERATED FILE. DO NOT EDIT THIS FILE DIRECTLY.
  # yarn lockfile v1
